<?xml version="1.0" encoding="UTF-8"?>
<testsuite xmlns:xsi="http://www.w3.org/2001/XMLSchema-instance" xsi:noNamespaceSchemaLocation="https://maven.apache.org/surefire/maven-surefire-plugin/xsd/surefire-test-report.xsd" name="ibf2021.day2.BankAccountTest" time="0.003" tests="6" errors="0" skipped="0" failures="0">
  <properties>
    <property name="java.specification.version" value="17"/>
    <property name="sun.cpu.isalist" value="amd64"/>
    <property name="sun.jnu.encoding" value="Cp1252"/>
    <property name="java.class.path" value="C:\Users\Fernep\Desktop\TFIP ASSIGN\day2\IBF2021-day2\bank\target\test-classes;C:\Users\Fernep\Desktop\TFIP ASSIGN\day2\IBF2021-day2\bank\target\classes;C:\Users\Fernep\.m2\repository\junit\junit\4.11\junit-4.11.jar;C:\Users\Fernep\.m2\repository\org\hamcrest\hamcrest-core\1.3\hamcrest-core-1.3.jar;"/>
    <property name="java.vm.vendor" value="Oracle Corporation"/>
    <property name="sun.arch.data.model" value="64"/>
    <property name="user.variant" value=""/>
    <property name="java.vendor.url" value="https://java.oracle.com/"/>
    <property name="user.timezone" value="Asia/Singapore"/>
    <property name="os.name" value="Windows 10"/>
    <property name="java.vm.specification.version" value="17"/>
    <property name="sun.java.launcher" value="SUN_STANDARD"/>
    <property name="user.country" value="US"/>
    <property name="sun.boot.library.path" value="C:\Program Files\Java\jdk-17.0.1\bin"/>
    <property name="sun.java.command" value="C:\Users\Fernep\AppData\Local\Temp\surefire8632954722776376625\surefirebooter11423784858768975569.jar C:\Users\Fernep\AppData\Local\Temp\surefire8632954722776376625 2021-12-08T14-23-01_742-jvmRun1 surefire3926740926763295579tmp surefire_012469343287052903403tmp"/>
    <property name="jdk.debug" value="release"/>
    <property name="surefire.test.class.path" value="C:\Users\Fernep\Desktop\TFIP ASSIGN\day2\IBF2021-day2\bank\target\test-classes;C:\Users\Fernep\Desktop\TFIP ASSIGN\day2\IBF2021-day2\bank\target\classes;C:\Users\Fernep\.m2\repository\junit\junit\4.11\junit-4.11.jar;C:\Users\Fernep\.m2\repository\org\hamcrest\hamcrest-core\1.3\hamcrest-core-1.3.jar;"/>
    <property name="sun.cpu.endian" value="little"/>
    <property name="user.home" value="C:\Users\Fernep"/>
    <property name="user.language" value="en"/>
    <property name="java.specification.vendor" value="Oracle Corporation"/>
    <property name="java.version.date" value="2021-10-19"/>
    <property name="java.home" value="C:\Program Files\Java\jdk-17.0.1"/>
    <property name="file.separator" value="\"/>
    <property name="basedir" value="C:\Users\Fernep\Desktop\TFIP ASSIGN\day2\IBF2021-day2\bank"/>
    <property name="java.vm.compressedOopsMode" value="32-bit"/>
    <property name="line.separator" value="&#10;"/>
    <property name="java.vm.specification.vendor" value="Oracle Corporation"/>
    <property name="java.specification.name" value="Java Platform API Specification"/>
    <property name="surefire.real.class.path" value="C:\Users\Fernep\AppData\Local\Temp\surefire8632954722776376625\surefirebooter11423784858768975569.jar"/>
    <property name="user.script" value=""/>
    <property name="sun.management.compiler" value="HotSpot 64-Bit Tiered Compilers"/>
    <property name="java.runtime.version" value="17.0.1+12-LTS-39"/>
    <property name="user.name" value="Fernep"/>
    <property name="path.separator" value=";"/>
    <property name="os.version" value="10.0"/>
    <property name="java.runtime.name" value="Java(TM) SE Runtime Environment"/>
    <property name="file.encoding" value="Cp1252"/>
    <property name="java.vm.name" value="Java HotSpot(TM) 64-Bit Server VM"/>
    <property name="localRepository" value="C:\Users\Fernep\.m2\repository"/>
    <property name="java.vendor.url.bug" value="https://bugreport.java.com/bugreport/"/>
    <property name="java.io.tmpdir" value="C:\Users\Fernep\AppData\Local\Temp\"/>
    <property name="java.version" value="17.0.1"/>
    <property name="user.dir" value="C:\Users\Fernep\Desktop\TFIP ASSIGN\day2\IBF2021-day2\bank"/>
    <property name="os.arch" value="amd64"/>
    <property name="java.vm.specification.name" value="Java Virtual Machine Specification"/>
    <property name="sun.os.patch.level" value=""/>
    <property name="native.encoding" value="Cp1252"/>
    <property name="java.library.path" value="C:\Program Files\Java\jdk-17.0.1\bin;C:\WINDOWS\Sun\Java\bin;C:\WINDOWS\system32;C:\WINDOWS;C:\Program Files\Eclipse Adoptium\jdk-17.0.1.12-hotspot\bin;C:\Program Files\Common Files\Oracle\Java\javapath;C:\WINDOWS\system32;C:\WINDOWS;C:\WINDOWS\System32\Wbem;C:\WINDOWS\System32\WindowsPowerShell\v1.0\;C:\WINDOWS\System32\OpenSSH\;C:\Program Files\Git\cmd;C:\Tools\apache-maven-3.8.4\bin;C:\Program Files\Java\jdk-17.0.1\bin;C:\Users\Fernep\AppData\Local\Microsoft\WindowsApps;C:\Users\Fernep\AppData\Local\Programs\Microsoft VS Code\bin;."/>
    <property name="java.vm.info" value="mixed mode, sharing"/>
    <property name="java.vendor" value="Oracle Corporation"/>
    <property name="java.vm.version" value="17.0.1+12-LTS-39"/>
    <property name="sun.io.unicode.encoding" value="UnicodeLittle"/>
    <property name="java.class.version" value="61.0"/>
  </properties>
  <testcase name="getTransactions" classname="ibf2021.day2.BankAccountTest" time="0"/>
  <testcase name="getBankAccNumber" classname="ibf2021.day2.BankAccountTest" time="0"/>
  <testcase name="testGetName" classname="ibf2021.day2.BankAccountTest" time="0"/>
  <testcase name="testWithdraw" classname="ibf2021.day2.BankAccountTest" time="0.001"/>
  <testcase name="testGetBalance" classname="ibf2021.day2.BankAccountTest" time="0"/>
  <testcase name="testDeposit" classname="ibf2021.day2.BankAccountTest" time="0.001"/>
</testsuite>